PLINK v1.90b4.6 64-bit (15 Aug 2017)
Options in effect:
  --bfile geno/rosmap1709-chr19
  --chr 19
  --from-bp 20627437
  --geno 0.05
  --maf 0.05
  --make-bed
  --out figures/genes/local_full-8//temp.yBRe/plink
  --to-bp 24615208

Hostname: uger-c037
Working directory: /broad/compbio/ypp/AD/mediation
Start time: Sun Nov  5 18:52:28 2017

Random number seed: 1509925948
258264 MB RAM detected; reserving 129132 MB for main workspace.
13788 out of 154695 variants loaded from .bim file.
1709 people (527 males, 1182 females) loaded from .fam.
Using 1 thread (no multithreaded calculations invoked).
Before main variant filters, 1709 founders and 0 nonfounders present.
Calculating allele frequencies... done.
Total genotyping rate is 0.930831.
4084 variants removed due to missing genotype data (--geno).
288 variants removed due to minor allele threshold(s)
(--maf/--max-maf/--mac/--max-mac).
9416 variants and 1709 people pass filters and QC.
Note: No phenotypes present.
--make-bed to figures/genes/local_full-8//temp.yBRe/plink.bed +
figures/genes/local_full-8//temp.yBRe/plink.bim +
figures/genes/local_full-8//temp.yBRe/plink.fam ... done.

End time: Sun Nov  5 18:52:28 2017
