PLINK v1.90b4.6 64-bit (15 Aug 2017)
Options in effect:
  --bfile geno/rosmap1709-chr6
  --chr 6
  --from-bp 23497477
  --geno 0.05
  --maf 0.05
  --make-bed
  --out figures/genes/full-2//temp.j4M4/plink
  --to-bp 36343500

Hostname: uger-c039
Working directory: /broad/compbio/ypp/AD/mediation
Start time: Sat Nov  4 18:17:20 2017

Random number seed: 1509833840
258264 MB RAM detected; reserving 129132 MB for main workspace.
Allocated 72636 MB successfully, after larger attempt(s) failed.
62548 out of 445464 variants loaded from .bim file.
1709 people (527 males, 1182 females) loaded from .fam.
Using 1 thread (no multithreaded calculations invoked).
Before main variant filters, 1709 founders and 0 nonfounders present.
Calculating allele frequencies... done.
Total genotyping rate is 0.867144.
25559 variants removed due to missing genotype data (--geno).
1351 variants removed due to minor allele threshold(s)
(--maf/--max-maf/--mac/--max-mac).
35638 variants and 1709 people pass filters and QC.
Note: No phenotypes present.
--make-bed to figures/genes/full-2//temp.j4M4/plink.bed +
figures/genes/full-2//temp.j4M4/plink.bim +
figures/genes/full-2//temp.j4M4/plink.fam ... done.

End time: Sat Nov  4 18:17:21 2017
