PLINK v1.90b4.6 64-bit (15 Aug 2017)
Options in effect:
  --bfile geno/rosmap1709-chr12
  --chr 12
  --from-bp 6937532
  --geno 0.05
  --maf 0.05
  --make-bed
  --out figures/genes/local_full-8//temp.0eQn/plink
  --to-bp 7933635

Hostname: uger-c037
Working directory: /broad/compbio/ypp/AD/mediation
Start time: Sun Nov  5 18:52:29 2017

Random number seed: 1509925949
258264 MB RAM detected; reserving 129132 MB for main workspace.
2308 out of 312853 variants loaded from .bim file.
1709 people (527 males, 1182 females) loaded from .fam.
Using 1 thread (no multithreaded calculations invoked).
Before main variant filters, 1709 founders and 0 nonfounders present.
Calculating allele frequencies... done.
Total genotyping rate is 0.904625.
941 variants removed due to missing genotype data (--geno).
194 variants removed due to minor allele threshold(s)
(--maf/--max-maf/--mac/--max-mac).
1173 variants and 1709 people pass filters and QC.
Note: No phenotypes present.
--make-bed to figures/genes/local_full-8//temp.0eQn/plink.bed +
figures/genes/local_full-8//temp.0eQn/plink.bim +
figures/genes/local_full-8//temp.0eQn/plink.fam ... done.

End time: Sun Nov  5 18:52:31 2017
