PLINK v1.90b4.6 64-bit (15 Aug 2017)
Options in effect:
  --bfile geno/rosmap1709-chr20
  --chr 20
  --from-bp 43390176
  --geno 0.05
  --maf 0.05
  --make-bed
  --out figures/genes/local_full-8//temp.VDvi/plink
  --to-bp 45207005

Hostname: uger-c037
Working directory: /broad/compbio/ypp/AD/mediation
Start time: Sun Nov  5 18:52:31 2017

Random number seed: 1509925951
258264 MB RAM detected; reserving 129132 MB for main workspace.
3831 out of 144913 variants loaded from .bim file.
1709 people (527 males, 1182 females) loaded from .fam.
Using 1 thread (no multithreaded calculations invoked).
Before main variant filters, 1709 founders and 0 nonfounders present.
Calculating allele frequencies... done.
Total genotyping rate is 0.921303.
1211 variants removed due to missing genotype data (--geno).
42 variants removed due to minor allele threshold(s)
(--maf/--max-maf/--mac/--max-mac).
2578 variants and 1709 people pass filters and QC.
Note: No phenotypes present.
--make-bed to figures/genes/local_full-8//temp.VDvi/plink.bed +
figures/genes/local_full-8//temp.VDvi/plink.bim +
figures/genes/local_full-8//temp.VDvi/plink.fam ... done.

End time: Sun Nov  5 18:52:32 2017
