PLINK v1.90b4.6 64-bit (15 Aug 2017)
Options in effect:
  --bfile geno/rosmap1709-chr6
  --chr 6
  --from-bp 23497477
  --geno 0.05
  --maf 0.05
  --make-bed
  --out figures/genes/local_full-2//temp.4MeO/plink
  --to-bp 36343500

Hostname: uger-c037
Working directory: /broad/compbio/ypp/AD/mediation
Start time: Sun Nov  5 18:50:01 2017

Random number seed: 1509925801
258264 MB RAM detected; reserving 129132 MB for main workspace.
62548 out of 445464 variants loaded from .bim file.
1709 people (527 males, 1182 females) loaded from .fam.
Using 1 thread (no multithreaded calculations invoked).
Before main variant filters, 1709 founders and 0 nonfounders present.
Calculating allele frequencies... done.
Total genotyping rate is 0.867144.
25559 variants removed due to missing genotype data (--geno).
1351 variants removed due to minor allele threshold(s)
(--maf/--max-maf/--mac/--max-mac).
35638 variants and 1709 people pass filters and QC.
Note: No phenotypes present.
--make-bed to figures/genes/local_full-2//temp.4MeO/plink.bed +
figures/genes/local_full-2//temp.4MeO/plink.bim +
figures/genes/local_full-2//temp.4MeO/plink.fam ... done.

End time: Sun Nov  5 18:50:01 2017
