PLINK v1.90b4.6 64-bit (15 Aug 2017)
Options in effect:
  --bfile geno/rosmap1709-chr1
  --chr 1
  --from-bp 230212533
  --geno 0.05
  --maf 0.05
  --make-bed
  --out figures/genes/local_full-2//temp.6Fty/plink
  --to-bp 233427981

Hostname: uger-c039
Working directory: /broad/compbio/ypp/AD/mediation
Start time: Sun Nov  5 18:38:38 2017

Random number seed: 1509925118
258264 MB RAM detected; reserving 129132 MB for main workspace.
Allocated 72636 MB successfully, after larger attempt(s) failed.
8435 out of 496566 variants loaded from .bim file.
1709 people (527 males, 1182 females) loaded from .fam.
Using 1 thread (no multithreaded calculations invoked).
Before main variant filters, 1709 founders and 0 nonfounders present.
Calculating allele frequencies... done.
Total genotyping rate is 0.915092.
2826 variants removed due to missing genotype data (--geno).
277 variants removed due to minor allele threshold(s)
(--maf/--max-maf/--mac/--max-mac).
5332 variants and 1709 people pass filters and QC.
Note: No phenotypes present.
--make-bed to figures/genes/local_full-2//temp.6Fty/plink.bed +
figures/genes/local_full-2//temp.6Fty/plink.bim +
figures/genes/local_full-2//temp.6Fty/plink.fam ... done.

End time: Sun Nov  5 18:38:43 2017
