PLINK v1.90b4.6 64-bit (15 Aug 2017)
Options in effect:
  --bfile geno/rosmap1709-chr7
  --chr 7
  --from-bp 22158977
  --geno 0.05
  --maf 0.05
  --make-bed
  --out figures/genes/local_full-8//temp.xVjm/plink
  --to-bp 25337853

Hostname: uger-c032
Working directory: /broad/compbio/ypp/AD/mediation
Start time: Sun Nov  5 18:52:19 2017

Random number seed: 1509925939
128993 MB RAM detected; reserving 64496 MB for main workspace.
8917 out of 386309 variants loaded from .bim file.
1709 people (527 males, 1182 females) loaded from .fam.
Using 1 thread (no multithreaded calculations invoked).
Before main variant filters, 1709 founders and 0 nonfounders present.
Calculating allele frequencies... done.
Total genotyping rate is 0.916119.
3124 variants removed due to missing genotype data (--geno).
255 variants removed due to minor allele threshold(s)
(--maf/--max-maf/--mac/--max-mac).
5538 variants and 1709 people pass filters and QC.
Note: No phenotypes present.
--make-bed to figures/genes/local_full-8//temp.xVjm/plink.bed +
figures/genes/local_full-8//temp.xVjm/plink.bim +
figures/genes/local_full-8//temp.xVjm/plink.fam ... done.

End time: Sun Nov  5 18:52:19 2017
